[] -> Hello world
[("2025-03-17 23:58:35,327 | dl_lab2_logger | INFO] -> Hello world"
[2025-03-17 23:58:51,272 | dl_lab2_logger | INFO] -> Hello world
[2025-03-18 00:12:14,050 | numexpr.utils | INFO] -> NumExpr defaulting to 8 threads.
[2025-03-18 00:42:25,065 | dl_lab2_logger | INFO] -> bob has valid type
[2025-03-18 00:42:47,215 | dl_lab2_logger | INFO] -> bob has valid type
[2025-03-18 00:42:51,341 | dl_lab2_logger | INFO] -> Sample [bob[] has invalid type of <class 'str'> | valid type <class 'int'>
[2025-03-18 00:43:10,141 | dl_lab2_logger | INFO] -> Sample [bob has invalid type of <class 'str'> | valid type <class 'int'>
[2025-03-18 00:43:37,711 | dl_lab2_logger | INFO] -> Sample [bob] has invalid type of <class 'str'> | valid type <class 'int'>
[2025-03-18 00:43:49,439 | dl_lab2_logger | INFO] -> Sample [bob] has valid type
[2025-03-18 00:45:46,134 | dl_lab2_logger | INFO] -> Sample [bob] has valid type
[2025-03-18 00:45:56,469 | dl_lab2_logger | INFO] -> Sample [[[[2.28030105e-31]]]] has valid type
[2025-03-18 00:46:11,687 | dl_lab2_logger | INFO] -> Sample [bob] has invalid type of <class 'str'> | valid type <class 'numpy.ndarray'>
[2025-03-18 00:50:47,869 | dl_lab2_logger | INFO] -> Sample [bob] has valid type
[2025-03-18 00:50:50,712 | dl_lab2_logger | INFO] -> Sample [bob] has invalid type of <class 'str'> | valid type <class 'int'>
[2025-03-18 00:56:11,186 | dl_lab2_logger | INFO] -> Sample [15] has valid type
[2025-03-18 00:56:11,190 | dl_lab2_logger | INFO] -> Sample [[[0. 0. 0. 0. 0. 0. 0. 0. 0. 0.]
 [0. 0. 0. 0. 0. 0. 0. 0. 0. 0.]
 [0. 0. 0. 0. 0. 0. 0. 0. 0. 0.]
 [0. 0. 0. 0. 0. 0. 0. 0. 0. 0.]
 [0. 0. 0. 0. 0. 0. 0. 0. 0. 0.]
 [0. 0. 0. 0. 0. 0. 0. 0. 0. 0.]
 [0. 0. 0. 0. 0. 0. 0. 0. 0. 0.]
 [0. 0. 0. 0. 0. 0. 0. 0. 0. 0.]
 [0. 0. 0. 0. 0. 0. 0. 0. 0. 0.]
 [0. 0. 0. 0. 0. 0. 0. 0. 0. 0.]]] has valid type
[2025-03-18 00:56:11,193 | dl_lab2_logger | INFO] -> Sample [[[0. 0. 0. 0. 0. 0. 0. 0. 0. 0.]
 [0. 0. 0. 0. 0. 0. 0. 0. 0. 0.]
 [0. 0. 0. 0. 0. 0. 0. 0. 0. 0.]
 [0. 0. 0. 0. 0. 0. 0. 0. 0. 0.]
 [0. 0. 0. 0. 0. 0. 0. 0. 0. 0.]
 [0. 0. 0. 0. 0. 0. 0. 0. 0. 0.]
 [0. 0. 0. 0. 0. 0. 0. 0. 0. 0.]
 [0. 0. 0. 0. 0. 0. 0. 0. 0. 0.]
 [0. 0. 0. 0. 0. 0. 0. 0. 0. 0.]
 [0. 0. 0. 0. 0. 0. 0. 0. 0. 0.]]] has valid type
[2025-03-18 00:56:50,592 | dl_lab2_logger | INFO] -> Sample  has invalid type of <class 'str'> | valid type <class 'int'>
[2025-03-18 00:57:34,847 | dl_lab2_logger | INFO] -> Sample  has invalid type of <class 'str'> | valid type <class 'int'>
[2025-03-18 00:58:40,864 | dl_lab2_logger | INFO] -> Sample  has invalid type of <class 'str'> | valid type <class 'int'>
[2025-03-18 00:59:00,819 | dl_lab2_logger | INFO] -> Sample has valid type
[2025-03-18 00:59:00,820 | dl_lab2_logger | INFO] -> Sample has valid type
[2025-03-18 00:59:00,821 | dl_lab2_logger | INFO] -> Sample has valid type
[2025-03-18 00:59:05,120 | dl_lab2_logger | INFO] -> Sample has valid type
[2025-03-18 00:59:05,121 | dl_lab2_logger | INFO] -> Sample has valid type
[2025-03-18 00:59:05,123 | dl_lab2_logger | INFO] -> Sample has valid type
[2025-03-18 00:59:17,502 | dl_lab2_logger | INFO] -> Sample has valid type
[2025-03-18 00:59:17,503 | dl_lab2_logger | INFO] -> Sample has valid type
[2025-03-18 00:59:17,504 | dl_lab2_logger | INFO] -> Sample has valid type
[2025-03-18 01:02:06,686 | dl_lab2_logger | INFO] -> Sample has valid type
[2025-03-18 01:02:06,693 | dl_lab2_logger | INFO] -> Sample has valid type
[2025-03-18 01:02:06,695 | dl_lab2_logger | INFO] -> Sample has valid type
[2025-03-18 01:02:20,710 | dl_lab2_logger | INFO] -> Sample has valid type
[2025-03-18 01:02:20,713 | dl_lab2_logger | INFO] -> Sample has valid type
[2025-03-18 01:02:20,715 | dl_lab2_logger | INFO] -> Sample has valid type
[2025-03-18 01:02:20,719 | dl_lab2_logger | INFO] -> Sample has valid type
[2025-03-18 01:02:20,721 | dl_lab2_logger | INFO] -> Sample has valid type
[2025-03-18 01:02:20,725 | dl_lab2_logger | INFO] -> Sample has valid type
[2025-03-18 01:02:20,728 | dl_lab2_logger | INFO] -> Sample has valid type
[2025-03-18 01:02:20,730 | dl_lab2_logger | INFO] -> Sample has valid type
[2025-03-18 01:02:20,732 | dl_lab2_logger | INFO] -> Sample has valid type
[2025-03-18 01:02:33,730 | dl_lab2_logger | INFO] -> Sample has valid type
[2025-03-18 01:02:33,731 | dl_lab2_logger | INFO] -> Sample has valid type
[2025-03-18 01:02:33,733 | dl_lab2_logger | INFO] -> Sample has valid type
[2025-03-18 01:02:33,734 | dl_lab2_logger | INFO] -> Sample has valid type
[2025-03-18 01:02:33,735 | dl_lab2_logger | INFO] -> Sample has valid type
[2025-03-18 01:02:33,736 | dl_lab2_logger | INFO] -> Sample has valid type
[2025-03-18 01:02:33,739 | dl_lab2_logger | INFO] -> Sample has valid type
[2025-03-18 01:02:33,740 | dl_lab2_logger | INFO] -> Sample has valid type
[2025-03-18 01:02:33,743 | dl_lab2_logger | INFO] -> Sample has valid type
[2025-03-18 01:12:01,762 | dl_lab2_logger | INFO] -> Sample has valid type
[2025-03-18 01:12:01,764 | dl_lab2_logger | INFO] -> Sample has valid type
[2025-03-18 01:12:01,768 | dl_lab2_logger | INFO] -> Sample has valid type
[2025-03-18 01:12:56,704 | dl_lab2_logger | INFO] -> Sample has valid type
[2025-03-18 01:12:56,706 | dl_lab2_logger | INFO] -> Sample has valid type
[2025-03-18 01:12:56,710 | dl_lab2_logger | INFO] -> Sample has valid type
[2025-03-18 01:14:06,616 | dl_lab2_logger | INFO] -> Sample has valid type
[2025-03-18 01:14:06,625 | dl_lab2_logger | INFO] -> Sample has valid type
[2025-03-18 01:14:06,628 | dl_lab2_logger | INFO] -> Sample has valid type
[2025-03-18 01:14:06,632 | dl_lab2_logger | INFO] -> Parameters has been initialized
[2025-03-18 01:16:49,921 | dl_lab2_logger | INFO] -> Sample has valid type
[2025-03-18 01:16:49,925 | dl_lab2_logger | INFO] -> Sample has valid type
[2025-03-18 01:16:49,926 | dl_lab2_logger | INFO] -> Sample has valid type
[2025-03-18 01:16:49,927 | dl_lab2_logger | INFO] -> Parameters has been initialized
[2025-03-18 01:17:04,774 | dl_lab2_logger | INFO] -> Sample has valid type
[2025-03-18 01:17:04,790 | dl_lab2_logger | INFO] -> Sample has valid type
[2025-03-18 01:17:04,793 | dl_lab2_logger | INFO] -> Sample has valid type
[2025-03-18 01:17:04,795 | dl_lab2_logger | INFO] -> Parameters has been initialized
[2025-03-18 01:17:04,801 | dl_lab2_logger | INFO] -> Sample has valid type
[2025-03-18 01:17:04,802 | dl_lab2_logger | INFO] -> Sample has valid type
[2025-03-18 01:17:04,804 | dl_lab2_logger | INFO] -> Sample has valid type
[2025-03-18 01:17:04,806 | dl_lab2_logger | INFO] -> Parameters has been initialized
[2025-03-18 01:17:45,041 | dl_lab2_logger | INFO] -> Sample has valid type
[2025-03-18 01:17:45,041 | dl_lab2_logger | INFO] -> Sample has valid type
[2025-03-18 01:17:45,042 | dl_lab2_logger | INFO] -> Sample has valid type
[2025-03-18 01:17:45,043 | dl_lab2_logger | INFO] -> Parameters has been initialized
[2025-03-18 01:17:46,117 | dl_lab2_logger | INFO] -> Sample has valid type
[2025-03-18 01:17:46,136 | dl_lab2_logger | INFO] -> Sample has valid type
[2025-03-18 01:17:46,140 | dl_lab2_logger | INFO] -> Sample has valid type
[2025-03-18 01:17:46,143 | dl_lab2_logger | INFO] -> Parameters has been initialized
[2025-03-18 01:17:46,147 | dl_lab2_logger | INFO] -> Sample has valid type
[2025-03-18 01:17:46,150 | dl_lab2_logger | INFO] -> Sample has valid type
[2025-03-18 01:17:46,151 | dl_lab2_logger | INFO] -> Sample has valid type
[2025-03-18 01:17:46,159 | dl_lab2_logger | INFO] -> Parameters has been initialized
[2025-03-18 01:18:04,472 | dl_lab2_logger | INFO] -> Sample has valid type
[2025-03-18 01:18:04,473 | dl_lab2_logger | INFO] -> Sample has valid type
[2025-03-18 01:18:04,473 | dl_lab2_logger | INFO] -> Sample has valid type
[2025-03-18 01:18:04,475 | dl_lab2_logger | INFO] -> Parameters has been initialized
[2025-03-18 01:18:04,477 | dl_lab2_logger | INFO] -> Sample has valid type
[2025-03-18 01:18:04,478 | dl_lab2_logger | INFO] -> Sample has valid type
[2025-03-18 01:18:04,479 | dl_lab2_logger | INFO] -> Sample has valid type
[2025-03-18 01:18:04,481 | dl_lab2_logger | INFO] -> Parameters has been initialized
[2025-03-18 01:18:04,489 | dl_lab2_logger | INFO] -> Sample has valid type
[2025-03-18 01:18:04,490 | dl_lab2_logger | INFO] -> Sample has valid type
[2025-03-18 01:18:04,494 | dl_lab2_logger | INFO] -> Sample has valid type
[2025-03-18 01:18:04,496 | dl_lab2_logger | INFO] -> Parameters has been initialized
[2025-03-18 01:18:51,940 | dl_lab2_logger | INFO] -> Sample has valid type
[2025-03-18 01:18:51,942 | dl_lab2_logger | INFO] -> Sample has valid type
[2025-03-18 01:18:51,944 | dl_lab2_logger | INFO] -> Sample has valid type
[2025-03-18 01:18:51,946 | dl_lab2_logger | INFO] -> Parameters has been initialized
[2025-03-18 01:18:56,671 | dl_lab2_logger | INFO] -> Sample has valid type
[2025-03-18 01:18:56,672 | dl_lab2_logger | INFO] -> Sample has valid type
[2025-03-18 01:18:56,674 | dl_lab2_logger | INFO] -> Sample has valid type
[2025-03-18 01:18:56,675 | dl_lab2_logger | INFO] -> Parameters has been initialized
[2025-03-18 01:18:56,682 | dl_lab2_logger | INFO] -> Sample has valid type
[2025-03-18 01:18:56,683 | dl_lab2_logger | INFO] -> Sample has valid type
[2025-03-18 01:18:56,684 | dl_lab2_logger | INFO] -> Sample has valid type
[2025-03-18 01:18:56,685 | dl_lab2_logger | INFO] -> Parameters has been initialized
[2025-03-18 01:19:40,473 | dl_lab2_logger | INFO] -> Sample has valid type
[2025-03-18 01:19:40,474 | dl_lab2_logger | INFO] -> Sample has valid type
[2025-03-18 01:19:40,475 | dl_lab2_logger | INFO] -> Sample has valid type
[2025-03-18 01:19:40,478 | dl_lab2_logger | INFO] -> Parameters has been initialized
